<?xml version="1.0" encoding="UTF-8"?>
<!-- Generated by org.testng.reporters.JUnitReportReporter -->
<testsuite hostname="Reka" failures="0" tests="1" name="tests.ALoginTest" time="2.622" errors="0" timestamp="2025-01-29T10:57:06 CST" skipped="0">
  <testcase classname="tests.ALoginTest" name="login" time="2.622"/>
  <system-out/>
</testsuite> <!-- tests.ALoginTest -->
