<?xml version="1.0" encoding="UTF-8"?>
<!-- Generated by org.testng.reporters.JUnitReportReporter -->
<testsuite hostname="Reka" failures="0" tests="2" name="tests.BCreateUsersTest" time="0.458" errors="0" timestamp="2025-01-29T10:57:06 CST" skipped="1">
  <testcase classname="tests.BCreateUsersTest" name="createUsers" time="0.458"/>
  <system-out/>
  <testcase classname="tests.BCreateUsersTest" name="createusersMap">
    <skipped/>
  </testcase> <!-- createusersMap -->
  <system-out/>
</testsuite> <!-- tests.BCreateUsersTest -->
