<?xml version="1.0" encoding="UTF-8"?>
<!-- Generated by org.testng.reporters.JUnitReportReporter -->
<testsuite hostname="Reka" failures="0" tests="1" name="tests.CGetUsersListTest" time="0.515" errors="0" timestamp="2025-01-29T10:57:06 CST" skipped="0">
  <testcase classname="tests.CGetUsersListTest" name="getUsersAndStoreId" time="0.515"/>
  <system-out/>
</testsuite> <!-- tests.CGetUsersListTest -->
