<?xml version="1.0" encoding="UTF-8"?>
<!-- Generated by org.testng.reporters.JUnitReportReporter -->
<testsuite hostname="Reka" failures="0" tests="2" name="tests.CreateUsersTest" time="0.429" errors="0" timestamp="2025-01-28T13:48:36 CST" skipped="1">
  <testcase classname="tests.CreateUsersTest" name="createUsers" time="0.429"/>
  <system-out/>
  <testcase classname="tests.CreateUsersTest" name="createusersMap">
    <skipped/>
  </testcase> <!-- createusersMap -->
  <system-out/>
</testsuite> <!-- tests.CreateUsersTest -->
