<?xml version="1.0" encoding="UTF-8"?>
<!-- Generated by org.testng.reporters.JUnitReportReporter -->
<testsuite hostname="Reka" failures="0" tests="1" name="tests.LoginTest" time="2.606" errors="0" timestamp="2025-01-28T13:48:36 CST" skipped="0">
  <testcase classname="tests.LoginTest" name="login" time="2.606"/>
  <system-out/>
</testsuite> <!-- tests.LoginTest -->
